<?xml version="1.0" encoding="UTF-8"?>
<!-- Generated by org.testng.reporters.JUnitReportReporter -->
<testsuite skipped="0" hostname="ip-172-31-92-111" name="test.SignupTest" tests="1" failures="0" timestamp="14 Dec 2021 05:29:20 GMT" time="1.818" errors="0">
  <testcase name="DoSignUp" time="1.818" classname="test.SignupTest"/>
</testsuite> <!-- test.SignupTest -->
