<?xml version="1.0" encoding="UTF-8"?>
<!-- Generated by org.testng.reporters.JUnitReportReporter -->
<testsuite skipped="0" hostname="ip-172-31-92-111" name="test.LoginTest" tests="2" failures="0" timestamp="14 Dec 2021 05:29:20 GMT" time="2.681" errors="0">
  <testcase name="PositiveLogin" time="1.439" classname="test.LoginTest"/>
  <testcase name="NegativeLogin" time="1.242" classname="test.LoginTest"/>
</testsuite> <!-- test.LoginTest -->
